This file contains any messages produced by compilers while
running configure, to aid debugging if configure makes a mistake.

It was created by glpro configure 3.50, which was
generated by GNU Autoconf 2.60.  Invocation command line was

  $ ./configure 

## --------- ##
## Platform. ##
## --------- ##

hostname = ubuntu
uname -m = i686
uname -r = 2.6.20-15-generic
uname -s = Linux
uname -v = #2 SMP Sun Apr 15 07:36:31 UTC 2007

/usr/bin/uname -p = unknown
/bin/uname -X     = unknown

/bin/arch              = i686
/usr/bin/arch -k       = unknown
/usr/convex/getsysinfo = unknown
/usr/bin/hostinfo      = unknown
/bin/machine           = unknown
/usr/bin/oslevel       = unknown
/bin/universe          = unknown

PATH: /usr/local/sbin
PATH: /usr/local/bin
PATH: /usr/sbin
PATH: /usr/bin
PATH: /sbin
PATH: /bin
PATH: /usr/games


## ----------- ##
## Core tests. ##
## ----------- ##

configure:1729: checking for a BSD-compatible install
configure:1785: result: /usr/bin/install -c
configure:1796: checking whether build environment is sane
configure:1839: result: yes
configure:1904: checking for gawk
configure:1934: result: no
configure:1904: checking for mawk
configure:1920: found /usr/bin/mawk
configure:1931: result: mawk
configure:1942: checking whether make sets $(MAKE)
configure:1963: result: yes
configure:2147: checking whether to enable maintainer-specific portions of Makefiles
configure:2156: result: no
configure:2183: checking for style of include used by make
configure:2211: result: GNU
configure:2284: checking for gcc
configure:2300: found /usr/bin/gcc
configure:2311: result: gcc
configure:2549: checking for C compiler version
configure:2556: gcc --version >&5
gcc (GCC) 4.1.2 (Ubuntu 4.1.2-0ubuntu4)
Copyright (C) 2006 Free Software Foundation, Inc.
This is free software; see the source for copying conditions.  There is NO
warranty; not even for MERCHANTABILITY or FITNESS FOR A PARTICULAR PURPOSE.

configure:2559: $? = 0
configure:2566: gcc -v >&5
Using built-in specs.
Target: i486-linux-gnu
Configured with: ../src/configure -v --enable-languages=c,c++,fortran,objc,obj-c++,treelang --prefix=/usr --enable-shared --with-system-zlib --libexecdir=/usr/lib --without-included-gettext --enable-threads=posix --enable-nls --program-suffix=-4.1 --enable-__cxa_atexit --enable-clocale=gnu --enable-libstdcxx-debug --enable-mpfr --enable-checking=release i486-linux-gnu
Thread model: posix
gcc version 4.1.2 (Ubuntu 4.1.2-0ubuntu4)
configure:2569: $? = 0
configure:2576: gcc -V >&5
gcc: '-V' option must have argument
configure:2579: $? = 1
configure:2602: checking for C compiler default output file name
configure:2629: gcc    conftest.c  >&5
configure:2632: $? = 0
configure:2678: result: a.out
configure:2683: checking whether the C compiler works
configure:2693: ./a.out
configure:2696: $? = 0
configure:2713: result: yes
configure:2720: checking whether we are cross compiling
configure:2722: result: no
configure:2725: checking for suffix of executables
configure:2732: gcc -o conftest    conftest.c  >&5
configure:2735: $? = 0
configure:2759: result: 
configure:2765: checking for suffix of object files
configure:2791: gcc -c   conftest.c >&5
configure:2794: $? = 0
configure:2817: result: o
configure:2821: checking whether we are using the GNU C compiler
configure:2850: gcc -c   conftest.c >&5
configure:2856: $? = 0
configure:2863: test -z "$ac_c_werror_flag" || test ! -s conftest.err
configure:2866: $? = 0
configure:2873: test -s conftest.o
configure:2876: $? = 0
configure:2890: result: yes
configure:2895: checking whether gcc accepts -g
configure:2925: gcc -c -g  conftest.c >&5
configure:2931: $? = 0
configure:2938: test -z "$ac_c_werror_flag" || test ! -s conftest.err
configure:2941: $? = 0
configure:2948: test -s conftest.o
configure:2951: $? = 0
configure:3081: result: yes
configure:3098: checking for gcc option to accept ISO C89
configure:3172: gcc  -c -g -O2  conftest.c >&5
configure:3178: $? = 0
configure:3185: test -z "$ac_c_werror_flag" || test ! -s conftest.err
configure:3188: $? = 0
configure:3195: test -s conftest.o
configure:3198: $? = 0
configure:3218: result: none needed
configure:3238: checking dependency style of gcc
configure:3328: result: gcc3
configure:3405: checking for gcc
configure:3432: result: gcc
configure:3670: checking for C compiler version
configure:3677: gcc --version >&5
gcc (GCC) 4.1.2 (Ubuntu 4.1.2-0ubuntu4)
Copyright (C) 2006 Free Software Foundation, Inc.
This is free software; see the source for copying conditions.  There is NO
warranty; not even for MERCHANTABILITY or FITNESS FOR A PARTICULAR PURPOSE.

configure:3680: $? = 0
configure:3687: gcc -v >&5
Using built-in specs.
Target: i486-linux-gnu
Configured with: ../src/configure -v --enable-languages=c,c++,fortran,objc,obj-c++,treelang --prefix=/usr --enable-shared --with-system-zlib --libexecdir=/usr/lib --without-included-gettext --enable-threads=posix --enable-nls --program-suffix=-4.1 --enable-__cxa_atexit --enable-clocale=gnu --enable-libstdcxx-debug --enable-mpfr --enable-checking=release i486-linux-gnu
Thread model: posix
gcc version 4.1.2 (Ubuntu 4.1.2-0ubuntu4)
configure:3690: $? = 0
configure:3697: gcc -V >&5
gcc: '-V' option must have argument
configure:3700: $? = 1
configure:3703: checking whether we are using the GNU C compiler
configure:3772: result: yes
configure:3777: checking whether gcc accepts -g
configure:3963: result: yes
configure:3980: checking for gcc option to accept ISO C89
configure:4100: result: none needed
configure:4120: checking dependency style of gcc
configure:4210: result: gcc3
configure:4240: checking for a BSD-compatible install
configure:4296: result: /usr/bin/install -c
configure:4350: checking for ranlib
configure:4366: found /usr/bin/ranlib
configure:4377: result: ranlib
configure:4409: checking how to run the C preprocessor
configure:4449: gcc -E  conftest.c
configure:4455: $? = 0
configure:4493: gcc -E  conftest.c
conftest.c:10:28: error: ac_nonexistent.h: No such file or directory
configure:4499: $? = 1
configure: failed program was:
| /* confdefs.h.  */
| #define PACKAGE_NAME "glpro"
| #define PACKAGE_TARNAME "glpro"
| #define PACKAGE_VERSION "3.50"
| #define PACKAGE_STRING "glpro 3.50"
| #define PACKAGE_BUGREPORT ""
| #define PACKAGE "glpro"
| #define VERSION "3.50"
| /* end confdefs.h.  */
| #include <ac_nonexistent.h>
configure:4539: result: gcc -E
configure:4568: gcc -E  conftest.c
configure:4574: $? = 0
configure:4612: gcc -E  conftest.c
conftest.c:10:28: error: ac_nonexistent.h: No such file or directory
configure:4618: $? = 1
configure: failed program was:
| /* confdefs.h.  */
| #define PACKAGE_NAME "glpro"
| #define PACKAGE_TARNAME "glpro"
| #define PACKAGE_VERSION "3.50"
| #define PACKAGE_STRING "glpro 3.50"
| #define PACKAGE_BUGREPORT ""
| #define PACKAGE "glpro"
| #define VERSION "3.50"
| /* end confdefs.h.  */
| #include <ac_nonexistent.h>
configure:4663: checking for grep that handles long lines and -e
configure:4737: result: /bin/grep
configure:4742: checking for egrep
configure:4820: result: /bin/grep -E
configure:4825: checking for ANSI C header files
configure:4855: gcc -c -g -O2  conftest.c >&5
configure:4861: $? = 0
configure:4868: test -z "$ac_c_werror_flag" || test ! -s conftest.err
configure:4871: $? = 0
configure:4878: test -s conftest.o
configure:4881: $? = 0
configure:4977: gcc -o conftest -g -O2   conftest.c  >&5
configure:4980: $? = 0
configure:4986: ./conftest
configure:4989: $? = 0
configure:5006: result: yes
configure:5016: checking whether time.h and sys/time.h may both be included
configure:5046: gcc -c -g -O2  conftest.c >&5
configure:5052: $? = 0
configure:5059: test -z "$ac_c_werror_flag" || test ! -s conftest.err
configure:5062: $? = 0
configure:5069: test -s conftest.o
configure:5072: $? = 0
configure:5084: result: yes
configure:5256: creating ./config.status

## ---------------------- ##
## Running config.status. ##
## ---------------------- ##

This file was extended by glpro config.status 3.50, which was
generated by GNU Autoconf 2.60.  Invocation command line was

  CONFIG_FILES    = 
  CONFIG_HEADERS  = 
  CONFIG_LINKS    = 
  CONFIG_COMMANDS = 
  $ ./config.status 

on ubuntu

config.status:609: creating Makefile
config.status:794: executing depfiles commands

## ---------------- ##
## Cache variables. ##
## ---------------- ##

ac_cv_c_compiler_gnu=yes
ac_cv_env_CCASFLAGS_set=
ac_cv_env_CCASFLAGS_value=
ac_cv_env_CCAS_set=
ac_cv_env_CCAS_value=
ac_cv_env_CC_set=
ac_cv_env_CC_value=
ac_cv_env_CFLAGS_set=
ac_cv_env_CFLAGS_value=
ac_cv_env_CPPFLAGS_set=
ac_cv_env_CPPFLAGS_value=
ac_cv_env_CPP_set=
ac_cv_env_CPP_value=
ac_cv_env_LDFLAGS_set=
ac_cv_env_LDFLAGS_value=
ac_cv_env_build_alias_set=
ac_cv_env_build_alias_value=
ac_cv_env_host_alias_set=
ac_cv_env_host_alias_value=
ac_cv_env_target_alias_set=
ac_cv_env_target_alias_value=
ac_cv_header_stdc=yes
ac_cv_header_time=yes
ac_cv_objext=o
ac_cv_path_EGREP='/bin/grep -E'
ac_cv_path_GREP=/bin/grep
ac_cv_path_install='/usr/bin/install -c'
ac_cv_prog_AWK=mawk
ac_cv_prog_CPP='gcc -E'
ac_cv_prog_ac_ct_CC=gcc
ac_cv_prog_ac_ct_RANLIB=ranlib
ac_cv_prog_cc_c89=
ac_cv_prog_cc_g=yes
ac_cv_prog_make_make_set=yes
am_cv_CC_dependencies_compiler_type=gcc3

## ----------------- ##
## Output variables. ##
## ----------------- ##

ACLOCAL='${SHELL} /home/baker/Desktop/pqlinuxserver/missing --run aclocal-1.9'
AMDEPBACKSLASH='\'
AMDEP_FALSE='#'
AMDEP_TRUE=''
AMTAR='${SHELL} /home/baker/Desktop/pqlinuxserver/missing --run tar'
AUTOCONF='${SHELL} /home/baker/Desktop/pqlinuxserver/missing --run autoconf'
AUTOHEADER='${SHELL} /home/baker/Desktop/pqlinuxserver/missing --run autoheader'
AUTOMAKE='${SHELL} /home/baker/Desktop/pqlinuxserver/missing --run automake-1.9'
AWK='mawk'
CC='gcc'
CCAS='gcc'
CCASFLAGS='-g -O2'
CCDEPMODE='depmode=gcc3'
CFLAGS='-g -O2'
CPP='gcc -E'
CPPFLAGS=''
CYGPATH_W='echo'
DEFS='-DPACKAGE_NAME=\"glpro\" -DPACKAGE_TARNAME=\"glpro\" -DPACKAGE_VERSION=\"3.50\" -DPACKAGE_STRING=\"glpro\ 3.50\" -DPACKAGE_BUGREPORT=\"\" -DPACKAGE=\"glpro\" -DVERSION=\"3.50\" -DSTDC_HEADERS=1 -DTIME_WITH_SYS_TIME=1'
DEPDIR='.deps'
ECHO_C=''
ECHO_N='-n'
ECHO_T=''
EGREP='/bin/grep -E'
EXEEXT=''
GREP='/bin/grep'
INSTALL_DATA='${INSTALL} -m 644'
INSTALL_PROGRAM='${INSTALL}'
INSTALL_SCRIPT='${INSTALL}'
INSTALL_STRIP_PROGRAM='${SHELL} $(install_sh) -c -s'
LDFLAGS=''
LIBOBJS=''
LIBS=''
LTLIBOBJS=''
MAINT='#'
MAINTAINER_MODE_FALSE=''
MAINTAINER_MODE_TRUE='#'
MAKEINFO='${SHELL} /home/baker/Desktop/pqlinuxserver/missing --run makeinfo'
OBJEXT='o'
PACKAGE='glpro'
PACKAGE_BUGREPORT=''
PACKAGE_NAME='glpro'
PACKAGE_STRING='glpro 3.50'
PACKAGE_TARNAME='glpro'
PACKAGE_VERSION='3.50'
PATH_SEPARATOR=':'
RANLIB='ranlib'
SET_MAKE=''
SHELL='/bin/bash'
STRIP=''
VERSION='3.50'
ac_ct_CC='gcc'
am__fastdepCC_FALSE='#'
am__fastdepCC_TRUE=''
am__include='include'
am__leading_dot='.'
am__quote=''
am__tar='${AMTAR} chof - "$$tardir"'
am__untar='${AMTAR} xf -'
bindir='${exec_prefix}/bin'
build_alias=''
datadir='${datarootdir}'
datarootdir='${prefix}/share'
docdir='${datarootdir}/doc/${PACKAGE_TARNAME}'
dvidir='${docdir}'
exec_prefix='${prefix}'
host_alias=''
htmldir='${docdir}'
includedir='${prefix}/include'
infodir='${datarootdir}/info'
install_sh='/home/baker/Desktop/pqlinuxserver/install-sh'
libdir='${exec_prefix}/lib'
libexecdir='${exec_prefix}/libexec'
localedir='${datarootdir}/locale'
localstatedir='${prefix}/var'
mandir='${datarootdir}/man'
mkdir_p='mkdir -p --'
oldincludedir='/usr/include'
pdfdir='${docdir}'
prefix='/usr/local'
program_transform_name='s,x,x,'
psdir='${docdir}'
sbindir='${exec_prefix}/sbin'
sharedstatedir='${prefix}/com'
sysconfdir='${prefix}/etc'
target_alias=''

## ----------- ##
## confdefs.h. ##
## ----------- ##

#define PACKAGE_NAME "glpro"
#define PACKAGE_TARNAME "glpro"
#define PACKAGE_VERSION "3.50"
#define PACKAGE_STRING "glpro 3.50"
#define PACKAGE_BUGREPORT ""
#define PACKAGE "glpro"
#define VERSION "3.50"
#define STDC_HEADERS 1
#define TIME_WITH_SYS_TIME 1

configure: exit 0
